Parsing hydro model from namespace /mallard
[INFO] [1599039443.774113, 0.000000]: Loading model XML from ros parameter robot_description
[INFO] [1599039443.780384, 0.000000]: Waiting for service /gazebo/spawn_urdf_model
[INFO] [1599039444.386340, 0.180000]: Calling service /gazebo/spawn_urdf_model
[INFO] [1599039444.724417, 0.266000]: Spawn status: SpawnModel: Successfully spawned entity
[0m[ INFO] [1599039443.129184438]: /mallard: adding x_thr_left as a steering thruster[0m
[0m[ INFO] [1599039443.129913398]: /mallard: adding x_thr_right as a steering thruster[0m
[0m[ INFO] [1599039443.129931545]: /mallard: adding y_thr_left as a steering thruster[0m
[0m[ INFO] [1599039443.129947682]: /mallard: adding y_thr_right as a steering thruster[0m
[0m[ INFO] [1599039443.129971570]: /mallard: adding thr4 as a fixed thruster[0m
[0m[ INFO] [1599039443.130603900]: Found linear linear damping[0m
[0m[ INFO] [1599039443.130621336]: Found linear angular drag[0m
[0m[ INFO] [1599039443.130638297]: Found quadratic linear drag[0m
[0m[ INFO] [1599039443.130650986]: Found quadratic angular damping[0m
[0m[ INFO] [1599039443.262644999]: Init PID control for /mallard: 0 controlled axes (position control), 4 joints (position control)[0m
[0m[ INFO] [1599039443.432460486]: Finished loading Gazebo ROS API Plugin.[0m
[0m[ INFO] [1599039443.433646333]: waitForService: Service [/gazebo/set_physics_properties] has not been advertised, waiting...[0m
[0m[ INFO] [1599039444.169303725]: waitForService: Service [/gazebo/set_physics_properties] is now available.[0m
[0m[ INFO] [1599039444.187842203]: Loading freefloating_fluid plugin[0m
[0m[ INFO] [1599039444.194820350]: Physics dynamic reconfigure ready.[0m
[0m[ INFO] [1599039444.195499469]: Loaded freefloating_fluid plugin.[0m
[0m[ INFO] [1599039444.735155280, 0.266000000]: Laser Plugin: Using the 'robotNamespace' param: '/'[0m
[0m[ INFO] [1599039444.735207078, 0.266000000]: Starting Laser Plugin (ns = /)[0m
[0m[ INFO] [1599039444.736011136, 0.266000000]: Laser Plugin (ns = /)  <tf_prefix_>, set to ""[0m
[0m[ INFO] [1599039444.874854740, 0.266000000]: mallard: adding x_thr_left as a steering thruster[0m
[0m[ INFO] [1599039444.874879786, 0.266000000]: mallard: adding x_thr_right as a steering thruster[0m
[0m[ INFO] [1599039444.874889801, 0.266000000]: mallard: adding y_thr_left as a steering thruster[0m
[0m[ INFO] [1599039444.874898468, 0.266000000]: mallard: adding y_thr_right as a steering thruster[0m
[0m[ INFO] [1599039444.874912053, 0.266000000]: mallard: adding thr4 as a fixed thruster[0m
[0m[ INFO] [1599039444.879626761, 0.266000000]: mallard: Started FreeFloating Control Plugin.[0m
[0m[ INFO] [1599039444.879692344, 0.266000000]: Parsing hydro for model 'mallard'...[0m
[0m[ INFO] [1599039444.881640372, 0.267000000]: Found linear linear damping[0m
[0m[ INFO] [1599039444.881658258, 0.267000000]: Found linear angular drag[0m
[0m[ INFO] [1599039444.881666885, 0.267000000]: Found quadratic linear drag[0m
[0m[ INFO] [1599039444.881674546, 0.267000000]: Found quadratic angular damping[0m
[0m[ INFO] [1599039444.881831321, 0.267000000]: Added 5 buoy links from mallard[0m
... logging to /home/konrad/.ros/log/e6c6cb4e-ecff-11ea-8c3f-a86daa78d7cd/roslaunch-ThinkPad-11591.log
Checking log directory for disk usage. This may take a while.
Press Ctrl-C to interrupt
Done checking log file disk usage. Usage is <1GB.
]2;/home/konrad/ROS/workspaces/ros_gazebo_ws/src/mallard_urdf/launch/mallard_gazebo.launch
[1mstarted roslaunch server http://localhost:42845/[0m

SUMMARY
========

PARAMETERS
 * /gazebo/enable_ros_network: True
 * /mallard/controllers/config/body/cascaded_position: False
 * /mallard/controllers/config/body/dynamic_reconfigure: True
 * /mallard/controllers/config/joints/cascaded_position: False
 * /mallard/controllers/config/joints/dynamic_reconfigure: True
 * /mallard/controllers/x_thr_left/position/d: 0.5
 * /mallard/controllers/x_thr_left/position/i: 0.1
 * /mallard/controllers/x_thr_left/position/p: 1
 * /mallard/controllers/x_thr_left/velocity/d: 0.0
 * /mallard/controllers/x_thr_left/velocity/i: 1
 * /mallard/controllers/x_thr_left/velocity/p: 20
 * /mallard/controllers/x_thr_right/position/d: 0.5
 * /mallard/controllers/x_thr_right/position/i: 0.1
 * /mallard/controllers/x_thr_right/position/p: 1
 * /mallard/controllers/x_thr_right/velocity/d: 0.0
 * /mallard/controllers/x_thr_right/velocity/i: 1
 * /mallard/controllers/x_thr_right/velocity/p: 20
 * /mallard/controllers/y_thr_left/position/d: 0.5
 * /mallard/controllers/y_thr_left/position/i: 0.1
 * /mallard/controllers/y_thr_left/position/p: 1
 * /mallard/controllers/y_thr_left/velocity/d: 0.0
 * /mallard/controllers/y_thr_left/velocity/i: 1
 * /mallard/controllers/y_thr_left/velocity/p: 20
 * /mallard/controllers/y_thr_right/position/d: 0.5
 * /mallard/controllers/y_thr_right/position/i: 0.1
 * /mallard/controllers/y_thr_right/position/p: 1
 * /mallard/controllers/y_thr_right/velocity/d: 0.0
 * /mallard/controllers/y_thr_right/velocity/i: 1
 * /mallard/controllers/y_thr_right/velocity/p: 20
 * /mallard/robot_description: <?xml version="1....
 * /mallard/thrusters/robot_description: <?xml version="1....
 * /rosdistro: melodic
 * /rosversion: 1.14.9
 * /use_sim_time: True

NODES
  /
    gazebo (gazebo_ros/gzserver)
  /mallard/
    pid_control (freefloating_gazebo/pid_control)
    robot_state_publisher (robot_state_publisher/robot_state_publisher)
    spawner (gazebo_ros/spawn_model)

auto-starting new master
[1mprocess[master]: started with pid [11607][0m
[1mROS_MASTER_URI=http://localhost:11311[0m
]2;/home/konrad/ROS/workspaces/ros_gazebo_ws/src/mallard_urdf/launch/mallard_gazebo.launch http://localhost:11311
[1msetting /run_id to e6c6cb4e-ecff-11ea-8c3f-a86daa78d7cd[0m
[1mprocess[rosout-1]: started with pid [11618][0m
started core service [/rosout]
[1mprocess[gazebo-2]: started with pid [11624][0m
[1mprocess[mallard/spawner-3]: started with pid [11630][0m
[1mprocess[mallard/pid_control-4]: started with pid [11631][0m
[1mprocess[mallard/robot_state_publisher-5]: started with pid [11632][0m
[1m[mallard/spawner-3] process has finished cleanly
log file: /home/konrad/.ros/log/e6c6cb4e-ecff-11ea-8c3f-a86daa78d7cd/mallard-spawner-3*.log[0m
[mallard/robot_state_publisher-5] killing on exit
[mallard/pid_control-4] killing on exit
[gazebo-2] killing on exit
[rosout-1] killing on exit
[master] killing on exit
shutting down processing monitor...
... shutting down processing monitor complete
[1mdone[0m
