Goals published.
('Goal reached; goal number: ', 0.0)
('Step Input: ', 0)
('Goal reached; goal number: ', 0.0)
('Step Input: ', 0)
('Goal reached; goal number: ', 0.0)
('Step Input: ', 0)
('Goal reached; goal number: ', 0.0)
('Step Input: ', 0)
('Goal reached; goal number: ', 0.0)
('Step Input: ', 0)
('Goal reached; goal number: ', 0.0)
('Step Input: ', 0)
('Goal reached; goal number: ', 0.0)
('Step Input: ', 0)
('Goal reached; goal number: ', 0.0)
('Step Input: ', 0)
('Goal reached; goal number: ', 0.0)
('Step Input: ', 0)
('Goal reached; goal number: ', 0.0)
('Step Input: ', 0)
('Goal reached; goal number: ', 0.0)
('Step Input: ', 0)
('Goal reached; goal number: ', 0.0)
('Step Input: ', 0)
('Goal reached; goal number: ', 0.0)
('Step Input: ', 0)
('Goal reached; goal number: ', 0.0)
('Step Input: ', 0)
('Goal reached; goal number: ', 0.0)
('Step Input: ', 0)
('Goal reached; goal number: ', 0.0)
('Step Input: ', 0)
('Goal reached; goal number: ', 0.0)
('Step Input: ', 0)
('Goal reached; goal number: ', 0.0)
('Step Input: ', 0)
('Goal reached; goal number: ', 0.0)
('Step Input: ', 0)
('Goal reached; goal number: ', 0.0)
('Step Input: ', 0)
('Goal reached; goal number: ', 0.0)
('Step Input: ', 0)
('Goal reached; goal number: ', 0.0)
('Step Input: ', 0)
('Goal reached; goal number: ', 0.0)
('Step Input: ', 0)
('Goal reached; goal number: ', 0.0)
('Step Input: ', 0)
('Goal reached; goal number: ', 0.0)
('Step Input: ', 0)
('Goal reached; goal number: ', 0.0)
('Step Input: ', 0)
('Goal reached; goal number: ', 0.0)
('Step Input: ', 0)
('Goal reached; goal number: ', 0.0)
('Step Input: ', 0)
('Goal reached; goal number: ', 0.0)
('Step Input: ', 0)
('Goal reached; goal number: ', 0.0)
('Step Input: ', 0)
('Goal reached; goal number: ', 0.0)
('Step Input: ', 0)
('Goal reached; goal number: ', 0.0)
('Step Input: ', 0)
('Goal reached; goal number: ', 0.0)
('Step Input: ', 0)
('Goal reached; goal number: ', 0.0)
('Step Input: ', 0)
('Goal reached; goal number: ', 0.0)
('Step Input: ', 0)
('Goal reached; goal number: ', 0.0)
('Step Input: ', 0)
('Goal reached; goal number: ', 0.0)
('Step Input: ', 0)
('Goal reached; goal number: ', 0.0)
('Step Input: ', 0)
('Goal reached; goal number: ', 0.0)
('Step Input: ', 0)
('Goal reached; goal number: ', 0.0)
('Step Input: ', 0)
('Goal reached; goal number: ', 0.0)
('Step Input: ', 0)
('Goal reached; goal number: ', 0.0)
('Step Input: ', 0)
('Goal reached; goal number: ', 0.0)
('Step Input: ', 0)
('Goal reached; goal number: ', 0.0)
('Step Input: ', 0)
('Goal reached; goal number: ', 0.0)
('Step Input: ', 0)
('Goal reached; goal number: ', 0.0)
('Step Input: ', 0)
('Goal reached; goal number: ', 0.0)
('Step Input: ', 0)
('Goal reached; goal number: ', 0.0)
('Step Input: ', 0)
('Goal reached; goal number: ', 0.0)
('Step Input: ', 0)
('Goal reached; goal number: ', 0.0)
('Step Input: ', 0)
('Goal reached; goal number: ', 0.0)
('Step Input: ', 0)
('Goal reached; goal number: ', 0.0)
('Step Input: ', 0)
('Goal reached; goal number: ', 0.0)
('Step Input: ', 0)
('Goal reached; goal number: ', 0.0)
('Step Input: ', 0)
('Goal reached; goal number: ', 0.0)
('Step Input: ', 0)
('Goal reached; goal number: ', 0.0)
('Step Input: ', 0)
('Goal reached; goal number: ', 0.0)
('Step Input: ', 0)
('Goal reached; goal number: ', 0.0)
('Step Input: ', 0)
('Goal reached; goal number: ', 0.0)
('Step Input: ', 0)
('Goal reached; goal number: ', 0.0)
('Step Input: ', 0)
('Goal reached; goal number: ', 0.0)
('Step Input: ', 0)
('Goal reached; goal number: ', 0.0)
('Step Input: ', 0)
('Goal reached; goal number: ', 0.0)
('Step Input: ', 0)
('Goal reached; goal number: ', 0.0)
('Step Input: ', 0)
('Goal reached; goal number: ', 0.0)
('Step Input: ', 0)
('Goal reached; goal number: ', 0.0)
('Step Input: ', 0)
('Goal reached; goal number: ', 0.0)
('Step Input: ', 0)
('Goal reached; goal number: ', 0.0)
('Step Input: ', 0)
('Goal reached; goal number: ', 0.0)
('Step Input: ', 0)
('Goal reached; goal number: ', 0.0)
('Step Input: ', 0)
('Goal reached; goal number: ', 0.0)
('Step Input: ', 0)
('Goal reached; goal number: ', 0.0)
('Step Input: ', 0)
('Goal reached; goal number: ', 0.0)
('Step Input: ', 0)
('Goal reached; goal number: ', 0.0)
('Step Input: ', 0)
('Goal reached; goal number: ', 0.0)
('Step Input: ', 0)
('Goal reached; goal number: ', 0.0)
('Step Input: ', 0)
('Goal reached; goal number: ', 0.0)
('Step Input: ', 0)
('Goal reached; goal number: ', 0.0)
('Step Input: ', 0)
('Goal reached; goal number: ', 0.0)
('Step Input: ', 0)
('Goal reached; goal number: ', 0.0)
('Step Input: ', 0)
('Goal reached; goal number: ', 0.0)
('Step Input: ', 0)
('Goal reached; goal number: ', 0.0)
('Step Input: ', 0)
('Goal reached; goal number: ', 0.0)
('Step Input: ', 0)
('Goal reached; goal number: ', 0.0)
('Step Input: ', 0)
('Goal reached; goal number: ', 0.0)
('Step Input: ', 0)
('Goal reached; goal number: ', 0.0)
('Step Input: ', 0)
('Goal reached; goal number: ', 0.0)
('Step Input: ', 0)
('Goal reached; goal number: ', 0.0)
('Step Input: ', 0)
('Goal reached; goal number: ', 0.0)
('Step Input: ', 0)
('Goal reached; goal number: ', 0.0)
('Step Input: ', 0)
('Goal reached; goal number: ', 0.0)
('Step Input: ', 0)
('Goal reached; goal number: ', 0.0)
('Step Input: ', 0)
('Goal reached; goal number: ', 0.0)
('Step Input: ', 0)
('Goal reached; goal number: ', 0.0)
('Step Input: ', 0)
('Goal reached; goal number: ', 0.0)
('Step Input: ', 0)
('Goal reached; goal number: ', 0.0)
('Step Input: ', 0)
('Goal reached; goal number: ', 0.0)
('Step Input: ', 0)
('Goal reached; goal number: ', 0.0)
('Step Input: ', 0)
('Goal reached; goal number: ', 0.0)
('Step Input: ', 0)
('Goal reached; goal number: ', 0.0)
('Step Input: ', 0)
('Goal reached; goal number: ', 0.0)
('Step Input: ', 0)
('Goal reached; goal number: ', 0.0)
('Step Input: ', 0)
('Goal reached; goal number: ', 0.0)
('Step Input: ', 0)
('Goal reached; goal number: ', 0.0)
('Step Input: ', 0)
('Goal reached; goal number: ', 0.0)
('Step Input: ', 0)
('Goal reached; goal number: ', 0.0)
('Step Input: ', 0)
('Goal reached; goal number: ', 0.0)
('Step Input: ', 0)
('Goal reached; goal number: ', 0.0)
('Step Input: ', 0)
('Goal reached; goal number: ', 0.0)
('Step Input: ', 0)
('Goal reached; goal number: ', 0.0)
('Step Input: ', 0)
('Goal reached; goal number: ', 0.0)
('Step Input: ', 0)
('Goal reached; goal number: ', 0.0)
('Step Input: ', 0)
('Goal reached; goal number: ', 0.0)
('Step Input: ', 0)
('Goal reached; goal number: ', 0.0)
('Step Input: ', 0)
('Goal reached; goal number: ', 0.0)
('Step Input: ', 0)
('Goal reached; goal number: ', 0.0)
('Step Input: ', 0)
('Goal reached; goal number: ', 0.0)
('Step Input: ', 0)
('Goal reached; goal number: ', 0.0)
('Step Input: ', 0)
('Goal reached; goal number: ', 0.0)
('Step Input: ', 0)
('Goal reached; goal number: ', 0.0)
('Step Input: ', 0)
('Goal reached; goal number: ', 0.0)
('Step Input: ', 0)
('Goal reached; goal number: ', 0.0)
('Step Input: ', 0)
('Goal reached; goal number: ', 0.0)
('Step Input: ', 0)
('Goal reached; goal number: ', 0.0)
('Step Input: ', 0)
('Goal reached; goal number: ', 0.0)
('Step Input: ', 0)
('Goal reached; goal number: ', 0.0)
('Step Input: ', 0)
('Now the step_seconds: ', 2, '|| step input: ', 0)
executing step
('Step Input: ', 0)
('Now the step_seconds: ', 2, '|| step input: ', 0)
executing step
('Step Input: ', 0)
('Now the step_seconds: ', 2, '|| step input: ', 0)
executing step
('Step Input: ', 0)
('Now the step_seconds: ', 2, '|| step input: ', 0)
executing step
('Step Input: ', 0)
('Now the step_seconds: ', 2, '|| step input: ', 0)
executing step
('Step Input: ', 0)
('Now the step_seconds: ', 2, '|| step input: ', 0)
executing step
('Step Input: ', 0)
('Now the step_seconds: ', 2, '|| step input: ', 0)
executing step
('Step Input: ', 0)
('Now the step_seconds: ', 2, '|| step input: ', 0)
executing step
('Step Input: ', 0)
('Now the step_seconds: ', 2, '|| step input: ', 0)
executing step
('Step Input: ', 0)
('Now the step_seconds: ', 2, '|| step input: ', 0)
executing step
('Step Input: ', 0)
('Now the step_seconds: ', 2, '|| step input: ', 0)
executing step
('Step Input: ', 0)
('Now the step_seconds: ', 2, '|| step input: ', 0)
executing step
('Step Input: ', 0)
('Now the step_seconds: ', 2, '|| step input: ', 0)
executing step
('Step Input: ', 0)
('Now the step_seconds: ', 2, '|| step input: ', 0)
executing step
('Step Input: ', 0)
('Now the step_seconds: ', 2, '|| step input: ', 0)
executing step
('Step Input: ', 0)
('Now the step_seconds: ', 2, '|| step input: ', 0)
executing step
('Step Input: ', 0)
('Now the step_seconds: ', 2, '|| step input: ', 0)
executing step
('Step Input: ', 0)
('Now the step_seconds: ', 2, '|| step input: ', 0)
executing step
('Step Input: ', 0)
('Now the step_seconds: ', 2, '|| step input: ', 0)
executing step
('Step Input: ', 0)
('Now the step_seconds: ', 2, '|| step input: ', 0)
executing step
('Step Input: ', 0)
('Now the step_seconds: ', 2, '|| step input: ', 2.78)
executing step
('Step Input: ', 2.78)
('Now the step_seconds: ', 2, '|| step input: ', 2.78)
executing step
('Step Input: ', 2.78)
('Now the step_seconds: ', 2, '|| step input: ', 2.78)
executing step
('Step Input: ', 2.78)
('Now the step_seconds: ', 2, '|| step input: ', 2.78)
executing step
('Step Input: ', 2.78)
('Now the step_seconds: ', 2, '|| step input: ', 2.78)
executing step
('Step Input: ', 2.78)
('Now the step_seconds: ', 2, '|| step input: ', 2.78)
executing step
('Step Input: ', 2.78)
('Now the step_seconds: ', 2, '|| step input: ', 2.78)
executing step
('Step Input: ', 2.78)
('Now the step_seconds: ', 2, '|| step input: ', 2.78)
executing step
('Step Input: ', 2.78)
('Now the step_seconds: ', 2, '|| step input: ', 2.78)
executing step
('Step Input: ', 2.78)
('Now the step_seconds: ', 2, '|| step input: ', 2.78)
executing step
('Step Input: ', 2.78)
('Now the step_seconds: ', 2, '|| step input: ', 2.78)
executing step
('Step Input: ', 2.78)
('Now the step_seconds: ', 2, '|| step input: ', 2.78)
executing step
('Step Input: ', 2.78)
('Now the step_seconds: ', 2, '|| step input: ', 2.78)
executing step
('Step Input: ', 2.78)
('Now the step_seconds: ', 2, '|| step input: ', 2.78)
executing step
('Step Input: ', 2.78)
('Now the step_seconds: ', 2, '|| step input: ', 2.78)
executing step
('Step Input: ', 2.78)
('Now the step_seconds: ', 2, '|| step input: ', 2.78)
executing step
('Step Input: ', 2.78)
('Now the step_seconds: ', 2, '|| step input: ', 2.78)
executing step
('Step Input: ', 2.78)
('Now the step_seconds: ', 2, '|| step input: ', 2.78)
executing step
('Step Input: ', 2.78)
('Now the step_seconds: ', 2, '|| step input: ', 2.78)
executing step
('Step Input: ', 2.78)
('Now the step_seconds: ', 2, '|| step input: ', 2.78)
executing step
('Step Input: ', 2.78)
('Now the step_seconds: ', 2, '|| step input: ', 2.78)
executing step
('Step Input: ', 2.78)
('Now the step_seconds: ', 2, '|| step input: ', 0)
executing step
('Step Input: ', 0)
('Now the step_seconds: ', 2, '|| step input: ', 0)
executing step
('Step Input: ', 0)
('Now the step_seconds: ', 2, '|| step input: ', 0)
executing step
('Step Input: ', 0)
('Now the step_seconds: ', 2, '|| step input: ', 0)
executing step
('Step Input: ', 0)
('Now the step_seconds: ', 2, '|| step input: ', 0)
executing step
('Step Input: ', 0)
('Now the step_seconds: ', 2, '|| step input: ', 0)
executing step
('Step Input: ', 0)
('Now the step_seconds: ', 2, '|| step input: ', 0)
executing step
('Step Input: ', 0)
('Now the step_seconds: ', 2, '|| step input: ', 0)
executing step
('Step Input: ', 0)
('Now the step_seconds: ', 2, '|| step input: ', 0)
executing step
('Step Input: ', 0)
('Now the step_seconds: ', 2, '|| step input: ', 0)
executing step
('Step Input: ', 0)
('Now the step_seconds: ', 2, '|| step input: ', 0)
executing step
('Step Input: ', 0)
('Now the step_seconds: ', 2, '|| step input: ', 0)
executing step
('Step Input: ', 0)
('Now the step_seconds: ', 2, '|| step input: ', 0)
executing step
('Step Input: ', 0)
('Now the step_seconds: ', 2, '|| step input: ', 0)
executing step
('Step Input: ', 0)
('Now the step_seconds: ', 2, '|| step input: ', 0)
executing step
('Step Input: ', 0)
('Now the step_seconds: ', 2, '|| step input: ', 0)
executing step
('Step Input: ', 0)
('Now the step_seconds: ', 2, '|| step input: ', 0)
executing step
('Step Input: ', 0)
('Now the step_seconds: ', 2, '|| step input: ', 0)
executing step
('Step Input: ', 0)
('Now the step_seconds: ', 2, '|| step input: ', 0)
executing step
('Step Input: ', 0)
('Now the step_seconds: ', 2, '|| step input: ', 0)
executing step
('Step Input: ', 0)
('Now the step_seconds: ', 2, '|| step input: ', 0)
executing step
('Step Input: ', 0)
('Now the step_seconds: ', 2, '|| step input: ', 2.78)
executing step
('Step Input: ', 2.78)
('Now the step_seconds: ', 2, '|| step input: ', 2.78)
executing step
('Step Input: ', 2.78)
('Now the step_seconds: ', 2, '|| step input: ', 2.78)
executing step
('Step Input: ', 2.78)
('Now the step_seconds: ', 2, '|| step input: ', 2.78)
executing step
('Step Input: ', 2.78)
('Now the step_seconds: ', 2, '|| step input: ', 2.78)
executing step
('Step Input: ', 2.78)
('Now the step_seconds: ', 2, '|| step input: ', 2.78)
executing step
('Step Input: ', 2.78)
('Now the step_seconds: ', 2, '|| step input: ', 2.78)
executing step
('Step Input: ', 2.78)
('Now the step_seconds: ', 2, '|| step input: ', 2.78)
executing step
('Step Input: ', 2.78)
('Now the step_seconds: ', 2, '|| step input: ', 2.78)
executing step
('Step Input: ', 2.78)
('Now the step_seconds: ', 2, '|| step input: ', 2.78)
executing step
('Step Input: ', 2.78)
('Now the step_seconds: ', 2, '|| step input: ', 2.78)
executing step
('Step Input: ', 2.78)
('Now the step_seconds: ', 2, '|| step input: ', 2.78)
executing step
('Step Input: ', 2.78)
('Now the step_seconds: ', 2, '|| step input: ', 2.78)
executing step
('Step Input: ', 2.78)
('Now the step_seconds: ', 2, '|| step input: ', 2.78)
executing step
('Step Input: ', 2.78)
('Now the step_seconds: ', 2, '|| step input: ', 2.78)
executing step
('Step Input: ', 2.78)
('Now the step_seconds: ', 2, '|| step input: ', 2.78)
executing step
('Step Input: ', 2.78)
('Now the step_seconds: ', 2, '|| step input: ', 2.78)
executing step
('Step Input: ', 2.78)
('Now the step_seconds: ', 2, '|| step input: ', 2.78)
executing step
('Step Input: ', 2.78)
('Now the step_seconds: ', 2, '|| step input: ', 2.78)
executing step
('Step Input: ', 2.78)
('Now the step_seconds: ', 2, '|| step input: ', 2.78)
executing step
('Step Input: ', 2.78)
('Now the step_seconds: ', 2, '|| step input: ', 2.78)
executing step
('Step Input: ', 2.78)
('Now the step_seconds: ', 2, '|| step input: ', 0)
executing step
('Step Input: ', 0)
('Now the step_seconds: ', 2, '|| step input: ', 0)
executing step
('Step Input: ', 0)
('Now the step_seconds: ', 2, '|| step input: ', 0)
executing step
('Step Input: ', 0)
('Now the step_seconds: ', 2, '|| step input: ', 0)
executing step
('Step Input: ', 0)
('Now the step_seconds: ', 2, '|| step input: ', 0)
executing step
('Step Input: ', 0)
('Now the step_seconds: ', 2, '|| step input: ', 0)
executing step
('Step Input: ', 0)
('Now the step_seconds: ', 2, '|| step input: ', 0)
executing step
('Step Input: ', 0)
('Now the step_seconds: ', 2, '|| step input: ', 0)
executing step
('Step Input: ', 0)
('Now the step_seconds: ', 2, '|| step input: ', 0)
executing step
('Step Input: ', 0)
('Now the step_seconds: ', 2, '|| step input: ', 0)
executing step
('Step Input: ', 0)
('Now the step_seconds: ', 2, '|| step input: ', 0)
executing step
('Step Input: ', 0)
('Now the step_seconds: ', 2, '|| step input: ', 0)
executing step
('Step Input: ', 0)
('Now the step_seconds: ', 2, '|| step input: ', 0)
executing step
('Step Input: ', 0)
('Now the step_seconds: ', 2, '|| step input: ', 0)
executing step
('Step Input: ', 0)
('Now the step_seconds: ', 2, '|| step input: ', 0)
executing step
('Step Input: ', 0)
('Now the step_seconds: ', 2, '|| step input: ', 0)
executing step
('Step Input: ', 0)
('Now the step_seconds: ', 2, '|| step input: ', 0)
executing step
('Step Input: ', 0)
('Now the step_seconds: ', 2, '|| step input: ', 0)
executing step
('Step Input: ', 0)
('Now the step_seconds: ', 2, '|| step input: ', 0)
executing step
('Step Input: ', 0)
('Now the step_seconds: ', 2, '|| step input: ', 0)
executing step
('Step Input: ', 0)
('Now the step_seconds: ', 2, '|| step input: ', 0)
executing step
('Step Input: ', 0)
('Now the step_seconds: ', 2, '|| step input: ', 2.78)
executing step
('Step Input: ', 2.78)
('Now the step_seconds: ', 2, '|| step input: ', 2.78)
executing step
('Step Input: ', 2.78)
('Now the step_seconds: ', 2, '|| step input: ', 2.78)
executing step
('Step Input: ', 2.78)
('Now the step_seconds: ', 2, '|| step input: ', 2.78)
executing step
('Step Input: ', 2.78)
('Now the step_seconds: ', 2, '|| step input: ', 2.78)
executing step
('Step Input: ', 2.78)
('Now the step_seconds: ', 2, '|| step input: ', 2.78)
executing step
('Step Input: ', 2.78)
('Now the step_seconds: ', 2, '|| step input: ', 2.78)
executing step
('Step Input: ', 2.78)
('Now the step_seconds: ', 2, '|| step input: ', 2.78)
executing step
('Step Input: ', 2.78)
('Now the step_seconds: ', 2, '|| step input: ', 2.78)
executing step
('Step Input: ', 2.78)
('Now the step_seconds: ', 2, '|| step input: ', 2.78)
executing step
('Step Input: ', 2.78)
('Now the step_seconds: ', 2, '|| step input: ', 2.78)
executing step
('Step Input: ', 2.78)
('Now the step_seconds: ', 2, '|| step input: ', 2.78)
executing step
('Step Input: ', 2.78)
('Now the step_seconds: ', 2, '|| step input: ', 2.78)
executing step
('Step Input: ', 2.78)
('Now the step_seconds: ', 2, '|| step input: ', 2.78)
executing step
('Step Input: ', 2.78)
('Now the step_seconds: ', 2, '|| step input: ', 2.78)
executing step
('Step Input: ', 2.78)
('Now the step_seconds: ', 2, '|| step input: ', 2.78)
executing step
('Step Input: ', 2.78)
('Now the step_seconds: ', 2, '|| step input: ', 2.78)
executing step
('Step Input: ', 2.78)
('Now the step_seconds: ', 2, '|| step input: ', 2.78)
executing step
('Step Input: ', 2.78)
('Now the step_seconds: ', 2, '|| step input: ', 2.78)
executing step
('Step Input: ', 2.78)
('Now the step_seconds: ', 2, '|| step input: ', 2.78)
executing step
('Step Input: ', 2.78)
('Now the step_seconds: ', 2, '|| step input: ', 2.78)
executing step
('Step Input: ', 2.78)
('Now the step_seconds: ', 2, '|| step input: ', 0)
executing step
('Step Input: ', 0)
('Now the step_seconds: ', 2, '|| step input: ', 0)
executing step
('Step Input: ', 0)
('Now the step_seconds: ', 2, '|| step input: ', 0)
executing step
('Step Input: ', 0)
('Now the step_seconds: ', 2, '|| step input: ', 0)
executing step
('Step Input: ', 0)
('Now the step_seconds: ', 2, '|| step input: ', 0)
executing step
('Step Input: ', 0)
('Now the step_seconds: ', 2, '|| step input: ', 0)
executing step
('Step Input: ', 0)
('Now the step_seconds: ', 2, '|| step input: ', 0)
executing step
('Step Input: ', 0)
('Now the step_seconds: ', 2, '|| step input: ', 0)
executing step
('Step Input: ', 0)
('Now the step_seconds: ', 2, '|| step input: ', 0)
executing step
('Step Input: ', 0)
('Now the step_seconds: ', 2, '|| step input: ', 0)
executing step
('Step Input: ', 0)
('Now the step_seconds: ', 2, '|| step input: ', 0)
executing step
('Step Input: ', 0)
('Now the step_seconds: ', 2, '|| step input: ', 0)
executing step
('Step Input: ', 0)
('Now the step_seconds: ', 2, '|| step input: ', 0)
executing step
('Step Input: ', 0)
('Now the step_seconds: ', 2, '|| step input: ', 0)
executing step
('Step Input: ', 0)
('Now the step_seconds: ', 2, '|| step input: ', 0)
executing step
('Step Input: ', 0)
('Now the step_seconds: ', 2, '|| step input: ', 0)
executing step
('Step Input: ', 0)
('Now the step_seconds: ', 2, '|| step input: ', 0)
executing step
('Step Input: ', 0)
('Now the step_seconds: ', 2, '|| step input: ', 0)
executing step
('Step Input: ', 0)
('Now the step_seconds: ', 2, '|| step input: ', 0)
executing step
('Step Input: ', 0)
('Now the step_seconds: ', 2, '|| step input: ', 0)
executing step
('Step Input: ', 0)
('Now the step_seconds: ', 2, '|| step input: ', 0)
executing step
('Step Input: ', 0)
('Now the step_seconds: ', 2, '|| step input: ', 2.78)
executing step
('Step Input: ', 2.78)
('Now the step_seconds: ', 2, '|| step input: ', 2.78)
executing step
('Step Input: ', 2.78)
('Now the step_seconds: ', 2, '|| step input: ', 2.78)
executing step
('Step Input: ', 2.78)
('Now the step_seconds: ', 2, '|| step input: ', 2.78)
executing step
('Step Input: ', 2.78)
('Now the step_seconds: ', 2, '|| step input: ', 2.78)
executing step
('Step Input: ', 2.78)
('Now the step_seconds: ', 2, '|| step input: ', 2.78)
executing step
('Step Input: ', 2.78)
('Now the step_seconds: ', 2, '|| step input: ', 2.78)
executing step
('Step Input: ', 2.78)
('Now the step_seconds: ', 2, '|| step input: ', 2.78)
executing step
('Step Input: ', 2.78)
('Now the step_seconds: ', 2, '|| step input: ', 2.78)
executing step
('Step Input: ', 2.78)
('Now the step_seconds: ', 2, '|| step input: ', 2.78)
executing step
('Step Input: ', 2.78)
('Now the step_seconds: ', 2, '|| step input: ', 2.78)
executing step
('Step Input: ', 2.78)
('Now the step_seconds: ', 2, '|| step input: ', 2.78)
executing step
('Step Input: ', 2.78)
('Now the step_seconds: ', 2, '|| step input: ', 2.78)
executing step
('Step Input: ', 2.78)
('Now the step_seconds: ', 2, '|| step input: ', 2.78)
executing step
('Step Input: ', 2.78)
('Now the step_seconds: ', 2, '|| step input: ', 2.78)
executing step
('Step Input: ', 2.78)
('Now the step_seconds: ', 2, '|| step input: ', 2.78)
executing step
('Step Input: ', 2.78)
('Goal reached; goal number: ', 2.0)
Finished! Mallard is idling.
('Step Input: ', 2.78)
('Goal reached; goal number: ', 2.0)
Finished! Mallard is idling.
('Step Input: ', 2.78)
('Goal reached; goal number: ', 2.0)
Finished! Mallard is idling.
('Step Input: ', 2.78)
('Goal reached; goal number: ', 2.0)
Finished! Mallard is idling.
('Step Input: ', 2.78)
('Goal reached; goal number: ', 2.0)
Finished! Mallard is idling.
('Step Input: ', 2.78)
('Goal reached; goal number: ', 2.0)
Finished! Mallard is idling.
('Step Input: ', 2.78)
('Goal reached; goal number: ', 2.0)
Finished! Mallard is idling.
('Step Input: ', 2.78)
('Goal reached; goal number: ', 2.0)
Finished! Mallard is idling.
('Step Input: ', 2.78)
('Goal reached; goal number: ', 2.0)
Finished! Mallard is idling.
('Step Input: ', 2.78)
('Goal reached; goal number: ', 2.0)
Finished! Mallard is idling.
('Step Input: ', 2.78)
('Goal reached; goal number: ', 2.0)
Finished! Mallard is idling.
('Step Input: ', 2.78)
('Goal reached; goal number: ', 2.0)
Finished! Mallard is idling.
('Step Input: ', 2.78)
('Goal reached; goal number: ', 2.0)
Finished! Mallard is idling.
('Step Input: ', 2.78)
('Goal reached; goal number: ', 2.0)
Finished! Mallard is idling.
('Step Input: ', 2.78)
('Goal reached; goal number: ', 2.0)
Finished! Mallard is idling.
('Step Input: ', 2.78)
('Goal reached; goal number: ', 2.0)
Finished! Mallard is idling.
('Step Input: ', 2.78)
('Goal reached; goal number: ', 2.0)
Finished! Mallard is idling.
('Step Input: ', 2.78)
('Goal reached; goal number: ', 2.0)
Finished! Mallard is idling.
('Step Input: ', 2.78)
('Goal reached; goal number: ', 2.0)
Finished! Mallard is idling.
('Step Input: ', 2.78)
('Goal reached; goal number: ', 2.0)
Finished! Mallard is idling.
('Step Input: ', 2.78)
('Goal reached; goal number: ', 2.0)
Finished! Mallard is idling.
('Step Input: ', 2.78)
('Goal reached; goal number: ', 2.0)
Finished! Mallard is idling.
('Step Input: ', 2.78)
('Goal reached; goal number: ', 2.0)
Finished! Mallard is idling.
('Step Input: ', 2.78)
('Goal reached; goal number: ', 2.0)
Finished! Mallard is idling.
('Step Input: ', 2.78)
('Goal reached; goal number: ', 2.0)
Finished! Mallard is idling.
('Step Input: ', 2.78)
('Goal reached; goal number: ', 2.0)
Finished! Mallard is idling.
('Step Input: ', 2.78)
('Goal reached; goal number: ', 2.0)
Finished! Mallard is idling.
('Step Input: ', 2.78)
('Goal reached; goal number: ', 2.0)
Finished! Mallard is idling.
('Step Input: ', 2.78)
('Goal reached; goal number: ', 2.0)
Finished! Mallard is idling.
('Step Input: ', 2.78)
... logging to /home/konrad/.ros/log/04274c04-ed00-11ea-8c3f-a86daa78d7cd/roslaunch-ThinkPad-12162.log
Checking log directory for disk usage. This may take a while.
Press Ctrl-C to interrupt
Done checking log file disk usage. Usage is <1GB.
]2;/home/konrad/ROS/workspaces/ros_gazebo_ws/src/mallard_urdf/launch/mallard_step_control_py_launch.launch
[1mstarted roslaunch server http://localhost:42969/[0m

SUMMARY
========

PARAMETERS
 * /hector_mapping/advertise_map_service: True
 * /hector_mapping/base_frame: base_link
 * /hector_mapping/laser_z_max_value: 1.0
 * /hector_mapping/laser_z_min_value: -1.0
 * /hector_mapping/map_frame: map
 * /hector_mapping/map_multi_res_levels: 2
 * /hector_mapping/map_resolution: 0.025
 * /hector_mapping/map_size: 2048
 * /hector_mapping/map_start_x: 0.5
 * /hector_mapping/map_start_y: 0.5
 * /hector_mapping/map_update_angle_thresh: 0.05
 * /hector_mapping/map_update_distance_thresh: 0.1
 * /hector_mapping/odom_frame: base_link
 * /hector_mapping/pub_map_odom_transform: True
 * /hector_mapping/scan_subscriber_queue_size: 5
 * /hector_mapping/scan_topic: scan
 * /hector_mapping/update_factor_free: 0.4
 * /hector_mapping/update_factor_occupied: 0.9
 * /hector_mapping/use_tf_pose_start_estimate: False
 * /hector_mapping/use_tf_scan_transformation: True
 * /rosdistro: melodic
 * /rosversion: 1.14.9

NODES
  /
    coverage_selection (mallard_urdf/coverage_selection.py)
    goal_selector (mallard_urdf/mallard_g_selector_step_v3_py_launch.py)
    hector_mapping (hector_mapping/hector_mapping)
    rqt_reconfigure (rqt_reconfigure/rqt_reconfigure)
    start_goals_coverage (mallard_urdf/start_goals_coverage.py)
    step_controller (mallard_urdf/mallard_step_controller_v3.py)
  /mallard/
    rviz (rviz/rviz)

[1mROS_MASTER_URI=http://localhost:11311[0m
]2;/home/konrad/ROS/workspaces/ros_gazebo_ws/src/mallard_urdf/launch/mallard_step_control_py_launch.launch http://localhost:11311
[1mprocess[mallard/rviz-1]: started with pid [12177][0m
[1mprocess[rqt_reconfigure-2]: started with pid [12178][0m
[1mprocess[coverage_selection-3]: started with pid [12179][0m
[1mprocess[goal_selector-4]: started with pid [12180][0m
[1mprocess[step_controller-5]: started with pid [12181][0m
[1mprocess[start_goals_coverage-6]: started with pid [12183][0m
[1mprocess[hector_mapping-7]: started with pid [12184][0m
[1m[start_goals_coverage-6] process has finished cleanly
log file: /home/konrad/.ros/log/04274c04-ed00-11ea-8c3f-a86daa78d7cd/start_goals_coverage-6*.log[0m
[hector_mapping-7] killing on exit
[step_controller-5] killing on exit
[goal_selector-4] killing on exit
[coverage_selection-3] killing on exit
[rqt_reconfigure-2] killing on exit
[mallard/rviz-1] killing on exit
shutting down processing monitor...
... shutting down processing monitor complete
[1mdone[0m
