Parsing hydro model from namespace /mallard
[INFO] [1599039172.523356, 0.000000]: Loading model XML from ros parameter robot_description
[INFO] [1599039172.529705, 0.000000]: Waiting for service /gazebo/spawn_urdf_model
[INFO] [1599039173.135398, 0.175000]: Calling service /gazebo/spawn_urdf_model
[INFO] [1599039173.455640, 0.248000]: Spawn status: SpawnModel: Successfully spawned entity
[0m[ INFO] [1599039171.838493485]: /mallard: adding x_thr_left as a steering thruster[0m
[0m[ INFO] [1599039171.839241972]: /mallard: adding x_thr_right as a steering thruster[0m
[0m[ INFO] [1599039171.839261206]: /mallard: adding y_thr_left as a steering thruster[0m
[0m[ INFO] [1599039171.839282107]: /mallard: adding y_thr_right as a steering thruster[0m
[0m[ INFO] [1599039171.839305718]: /mallard: adding thr4 as a fixed thruster[0m
[0m[ INFO] [1599039171.839962833]: Found linear linear damping[0m
[0m[ INFO] [1599039171.839988209]: Found linear angular drag[0m
[0m[ INFO] [1599039171.840000969]: Found quadratic linear drag[0m
[0m[ INFO] [1599039171.840018598]: Found quadratic angular damping[0m
[0m[ INFO] [1599039171.953274639]: Init PID control for /mallard: 0 controlled axes (position control), 4 joints (position control)[0m
[0m[ INFO] [1599039172.167862151]: Finished loading Gazebo ROS API Plugin.[0m
[0m[ INFO] [1599039172.168961342]: waitForService: Service [/gazebo/set_physics_properties] has not been advertised, waiting...[0m
[0m[ INFO] [1599039172.947112510]: Loading freefloating_fluid plugin[0m
[0m[ INFO] [1599039172.948117772]: waitForService: Service [/gazebo/set_physics_properties] is now available.[0m
[0m[ INFO] [1599039172.950231801]: Loaded freefloating_fluid plugin.[0m
[0m[ INFO] [1599039172.963617279, 0.013000000]: Physics dynamic reconfigure ready.[0m
[0m[ INFO] [1599039173.466349494, 0.248000000]: Laser Plugin: Using the 'robotNamespace' param: '/'[0m
[0m[ INFO] [1599039173.466382394, 0.248000000]: Starting Laser Plugin (ns = /)[0m
[0m[ INFO] [1599039173.467206588, 0.248000000]: Laser Plugin (ns = /)  <tf_prefix_>, set to ""[0m
[0m[ INFO] [1599039173.614677418, 0.248000000]: mallard: adding x_thr_left as a steering thruster[0m
[0m[ INFO] [1599039173.614712962, 0.248000000]: mallard: adding x_thr_right as a steering thruster[0m
[0m[ INFO] [1599039173.614725448, 0.248000000]: mallard: adding y_thr_left as a steering thruster[0m
[0m[ INFO] [1599039173.614739278, 0.248000000]: mallard: adding y_thr_right as a steering thruster[0m
[0m[ INFO] [1599039173.614757394, 0.248000000]: mallard: adding thr4 as a fixed thruster[0m
[0m[ INFO] [1599039173.621261908, 0.248000000]: mallard: Started FreeFloating Control Plugin.[0m
[0m[ INFO] [1599039173.621365405, 0.248000000]: Parsing hydro for model 'mallard'...[0m
[0m[ INFO] [1599039173.624253964, 0.249000000]: Found linear linear damping[0m
[0m[ INFO] [1599039173.624282096, 0.249000000]: Found linear angular drag[0m
[0m[ INFO] [1599039173.624299460, 0.249000000]: Found quadratic linear drag[0m
[0m[ INFO] [1599039173.624313981, 0.249000000]: Found quadratic angular damping[0m
[0m[ INFO] [1599039173.624578793, 0.249000000]: Added 5 buoy links from mallard[0m
... logging to /home/konrad/.ros/log/450cb4d0-ecff-11ea-8c3f-a86daa78d7cd/roslaunch-ThinkPad-10563.log
Checking log directory for disk usage. This may take a while.
Press Ctrl-C to interrupt
Done checking log file disk usage. Usage is <1GB.
]2;/home/konrad/ROS/workspaces/ros_gazebo_ws/src/mallard_urdf/launch/mallard_gazebo.launch
[1mstarted roslaunch server http://localhost:46623/[0m

SUMMARY
========

PARAMETERS
 * /gazebo/enable_ros_network: True
 * /mallard/controllers/config/body/cascaded_position: False
 * /mallard/controllers/config/body/dynamic_reconfigure: True
 * /mallard/controllers/config/joints/cascaded_position: False
 * /mallard/controllers/config/joints/dynamic_reconfigure: True
 * /mallard/controllers/x_thr_left/position/d: 0.5
 * /mallard/controllers/x_thr_left/position/i: 0.1
 * /mallard/controllers/x_thr_left/position/p: 1
 * /mallard/controllers/x_thr_left/velocity/d: 0.0
 * /mallard/controllers/x_thr_left/velocity/i: 1
 * /mallard/controllers/x_thr_left/velocity/p: 20
 * /mallard/controllers/x_thr_right/position/d: 0.5
 * /mallard/controllers/x_thr_right/position/i: 0.1
 * /mallard/controllers/x_thr_right/position/p: 1
 * /mallard/controllers/x_thr_right/velocity/d: 0.0
 * /mallard/controllers/x_thr_right/velocity/i: 1
 * /mallard/controllers/x_thr_right/velocity/p: 20
 * /mallard/controllers/y_thr_left/position/d: 0.5
 * /mallard/controllers/y_thr_left/position/i: 0.1
 * /mallard/controllers/y_thr_left/position/p: 1
 * /mallard/controllers/y_thr_left/velocity/d: 0.0
 * /mallard/controllers/y_thr_left/velocity/i: 1
 * /mallard/controllers/y_thr_left/velocity/p: 20
 * /mallard/controllers/y_thr_right/position/d: 0.5
 * /mallard/controllers/y_thr_right/position/i: 0.1
 * /mallard/controllers/y_thr_right/position/p: 1
 * /mallard/controllers/y_thr_right/velocity/d: 0.0
 * /mallard/controllers/y_thr_right/velocity/i: 1
 * /mallard/controllers/y_thr_right/velocity/p: 20
 * /mallard/robot_description: <?xml version="1....
 * /mallard/thrusters/robot_description: <?xml version="1....
 * /rosdistro: melodic
 * /rosversion: 1.14.9
 * /use_sim_time: True

NODES
  /
    gazebo (gazebo_ros/gzserver)
  /mallard/
    pid_control (freefloating_gazebo/pid_control)
    robot_state_publisher (robot_state_publisher/robot_state_publisher)
    spawner (gazebo_ros/spawn_model)

auto-starting new master
[1mprocess[master]: started with pid [10579][0m
[1mROS_MASTER_URI=http://localhost:11311[0m
]2;/home/konrad/ROS/workspaces/ros_gazebo_ws/src/mallard_urdf/launch/mallard_gazebo.launch http://localhost:11311
[1msetting /run_id to 450cb4d0-ecff-11ea-8c3f-a86daa78d7cd[0m
[1mprocess[rosout-1]: started with pid [10590][0m
started core service [/rosout]
[1mprocess[gazebo-2]: started with pid [10596][0m
[1mprocess[mallard/spawner-3]: started with pid [10602][0m
[1mprocess[mallard/pid_control-4]: started with pid [10603][0m
[1mprocess[mallard/robot_state_publisher-5]: started with pid [10604][0m
[1m[mallard/spawner-3] process has finished cleanly
log file: /home/konrad/.ros/log/450cb4d0-ecff-11ea-8c3f-a86daa78d7cd/mallard-spawner-3*.log[0m
[mallard/pid_control-4] killing on exit
[mallard/robot_state_publisher-5] killing on exit
[gazebo-2] killing on exit
[rosout-1] killing on exit
[master] killing on exit
shutting down processing monitor...
... shutting down processing monitor complete
[1mdone[0m
